[2026-06-08T15:49:01.486+0000] {manager.py:469} INFO - Processing files using up to 2 processes at a time 
[2026-06-08T15:49:01.488+0000] {manager.py:470} INFO - Process each file at most once every 30 seconds
[2026-06-08T15:49:01.489+0000] {manager.py:471} INFO - Checking for new files in /opt/airflow/dags every 300 seconds
[2026-06-08T15:49:01.490+0000] {manager.py:738} INFO - Searching for files in /opt/airflow/dags
[2026-06-08T15:49:01.494+0000] {manager.py:741} INFO - There are 0 files in /opt/airflow/dags
[2026-06-08T15:54:01.810+0000] {manager.py:738} INFO - Searching for files in /opt/airflow/dags
[2026-06-08T15:54:01.816+0000] {manager.py:741} INFO - There are 0 files in /opt/airflow/dags
[2026-06-08T15:59:02.056+0000] {manager.py:738} INFO - Searching for files in /opt/airflow/dags
[2026-06-08T15:59:02.061+0000] {manager.py:741} INFO - There are 0 files in /opt/airflow/dags
[2026-06-08T16:04:02.274+0000] {manager.py:738} INFO - Searching for files in /opt/airflow/dags
[2026-06-08T16:04:02.279+0000] {manager.py:741} INFO - There are 0 files in /opt/airflow/dags
[2026-06-08T16:09:02.505+0000] {manager.py:738} INFO - Searching for files in /opt/airflow/dags
[2026-06-08T16:09:02.510+0000] {manager.py:741} INFO - There are 0 files in /opt/airflow/dags
[2026-06-08T16:14:02.741+0000] {manager.py:738} INFO - Searching for files in /opt/airflow/dags
[2026-06-08T16:14:02.745+0000] {manager.py:741} INFO - There are 0 files in /opt/airflow/dags
[2026-06-08T16:19:03.014+0000] {manager.py:738} INFO - Searching for files in /opt/airflow/dags
[2026-06-08T16:19:03.018+0000] {manager.py:741} INFO - There are 0 files in /opt/airflow/dags
[2026-06-08T16:24:03.236+0000] {manager.py:738} INFO - Searching for files in /opt/airflow/dags
[2026-06-08T16:24:03.240+0000] {manager.py:741} INFO - There are 0 files in /opt/airflow/dags
[2026-06-08T16:29:03.446+0000] {manager.py:738} INFO - Searching for files in /opt/airflow/dags
[2026-06-08T16:29:03.450+0000] {manager.py:741} INFO - There are 0 files in /opt/airflow/dags
[2026-06-08T16:34:03.681+0000] {manager.py:738} INFO - Searching for files in /opt/airflow/dags
[2026-06-08T16:34:03.686+0000] {manager.py:741} INFO - There are 0 files in /opt/airflow/dags
[2026-06-08T16:39:03.900+0000] {manager.py:738} INFO - Searching for files in /opt/airflow/dags
[2026-06-08T16:39:03.904+0000] {manager.py:741} INFO - There are 0 files in /opt/airflow/dags
[2026-06-08T16:44:04.104+0000] {manager.py:738} INFO - Searching for files in /opt/airflow/dags
[2026-06-08T16:44:04.108+0000] {manager.py:741} INFO - There are 0 files in /opt/airflow/dags
[2026-06-08T16:49:04.360+0000] {manager.py:738} INFO - Searching for files in /opt/airflow/dags
[2026-06-08T16:49:04.365+0000] {manager.py:741} INFO - There are 0 files in /opt/airflow/dags
[2026-06-08T16:54:04.574+0000] {manager.py:738} INFO - Searching for files in /opt/airflow/dags
[2026-06-08T16:54:04.579+0000] {manager.py:741} INFO - There are 0 files in /opt/airflow/dags
[2026-06-08T16:59:04.812+0000] {manager.py:738} INFO - Searching for files in /opt/airflow/dags
[2026-06-08T16:59:04.816+0000] {manager.py:741} INFO - There are 0 files in /opt/airflow/dags
[2026-06-08T17:03:35.980+0000] {manager.py:451} INFO - Exiting gracefully upon receiving signal 15
[2026-06-08T17:04:09.952+0000] {manager.py:469} INFO - Processing files using up to 2 processes at a time 
[2026-06-08T17:04:09.954+0000] {manager.py:470} INFO - Process each file at most once every 30 seconds
[2026-06-08T17:04:09.955+0000] {manager.py:471} INFO - Checking for new files in /opt/airflow/dags every 300 seconds
[2026-06-08T17:04:09.957+0000] {manager.py:738} INFO - Searching for files in /opt/airflow/dags
[2026-06-08T17:04:09.962+0000] {manager.py:741} INFO - There are 0 files in /opt/airflow/dags
[2026-06-08T17:06:56.853+0000] {manager.py:451} INFO - Exiting gracefully upon receiving signal 15
[2026-06-08T17:09:05.032+0000] {manager.py:469} INFO - Processing files using up to 2 processes at a time 
[2026-06-08T17:09:05.034+0000] {manager.py:470} INFO - Process each file at most once every 30 seconds
[2026-06-08T17:09:05.035+0000] {manager.py:471} INFO - Checking for new files in /opt/airflow/dags every 300 seconds
[2026-06-08T17:09:05.036+0000] {manager.py:738} INFO - Searching for files in /opt/airflow/dags
[2026-06-08T17:09:05.041+0000] {manager.py:741} INFO - There are 0 files in /opt/airflow/dags
[2026-06-08T17:14:05.364+0000] {manager.py:738} INFO - Searching for files in /opt/airflow/dags
[2026-06-08T17:14:05.378+0000] {manager.py:741} INFO - There are 0 files in /opt/airflow/dags
[2026-06-08T17:16:21.097+0000] {manager.py:451} INFO - Exiting gracefully upon receiving signal 15
[2026-06-08T17:22:24.069+0000] {manager.py:469} INFO - Processing files using up to 2 processes at a time 
[2026-06-08T17:22:24.071+0000] {manager.py:470} INFO - Process each file at most once every 30 seconds
[2026-06-08T17:22:24.073+0000] {manager.py:471} INFO - Checking for new files in /opt/airflow/dags every 300 seconds
[2026-06-08T17:22:24.075+0000] {manager.py:738} INFO - Searching for files in /opt/airflow/dags
[2026-06-08T17:22:24.080+0000] {manager.py:741} INFO - There are 0 files in /opt/airflow/dags
[2026-06-08T17:27:24.386+0000] {manager.py:738} INFO - Searching for files in /opt/airflow/dags
[2026-06-08T17:27:24.391+0000] {manager.py:741} INFO - There are 0 files in /opt/airflow/dags
[2026-06-08T17:32:24.621+0000] {manager.py:738} INFO - Searching for files in /opt/airflow/dags
[2026-06-08T17:32:24.625+0000] {manager.py:741} INFO - There are 0 files in /opt/airflow/dags
[2026-06-08T17:37:24.857+0000] {manager.py:738} INFO - Searching for files in /opt/airflow/dags
[2026-06-08T17:37:24.862+0000] {manager.py:741} INFO - There are 0 files in /opt/airflow/dags
[2026-06-08T17:42:25.081+0000] {manager.py:738} INFO - Searching for files in /opt/airflow/dags
[2026-06-08T17:42:25.086+0000] {manager.py:741} INFO - There are 0 files in /opt/airflow/dags
[2026-06-08T17:47:25.313+0000] {manager.py:738} INFO - Searching for files in /opt/airflow/dags
[2026-06-08T17:47:25.318+0000] {manager.py:741} INFO - There are 0 files in /opt/airflow/dags
[2026-06-08T17:52:25.546+0000] {manager.py:738} INFO - Searching for files in /opt/airflow/dags
[2026-06-08T17:52:25.550+0000] {manager.py:741} INFO - There are 0 files in /opt/airflow/dags
[2026-06-08T17:57:25.784+0000] {manager.py:738} INFO - Searching for files in /opt/airflow/dags
[2026-06-08T17:57:25.788+0000] {manager.py:741} INFO - There are 0 files in /opt/airflow/dags
[2026-06-08T17:57:59.348+0000] {manager.py:451} INFO - Exiting gracefully upon receiving signal 15
